<!DOCTYPE html PUBLIC "-//W3C//DTD XHTML 1.1//EN" "https://www.w3.org/TR/xhtml11/DTD/xhtml11.dtd">
<html xmlns="https://www.w3.org/1999/xhtml">
<head>
<meta http-equiv="content-type" content="text/html; charset=UTF-8"/>
<title>TestNG Report</title>
<style type="text/css">table {margin-bottom:10px;border-collapse:collapse;empty-cells:show}th,td {border:1px solid #009;padding:.25em .5em}th {vertical-align:bottom}td {vertical-align:top}table a {font-weight:bold}.stripe td {background-color: #E6EBF9}.num {text-align:right}.passedodd td {background-color: #3F3}.passedeven td {background-color: #0A0}.skippedodd td {background-color: #DDD}.skippedeven td {background-color: #CCC}.failedodd td,.attn {background-color: #F33}.failedeven td,.stripe .attn {background-color: #D00}.stacktrace {white-space:pre;font-family:monospace}.totop {font-size:85%;text-align:center;border-bottom:2px solid #000}.invisible {display:none}</style>
</head>
<body>
<table>
<tr><th>Test</th><th># Passed</th><th># Skipped</th><th># Retried</th><th># Failed</th><th>Time (ms)</th><th>Included Groups</th><th>Excluded Groups</th></tr>
<tr><th colspan="8">All Test Suite</th></tr>
<tr><td><a href="#t0">FirsTestCase</a></td><td class="num">6</td><td class="num">0</td><td class="num">0</td><td class="num">0</td><td class="num">121</td><td></td><td></td></tr>
<tr class="stripe"><td><a href="#t1">groupingtest</a></td><td class="num">2</td><td class="num">0</td><td class="num">0</td><td class="num">0</td><td class="num">89</td><td>regression</td><td>sanity</td></tr>
<tr><td><a href="#t2">parameterstestedge</a></td><td class="num">1</td><td class="num">0</td><td class="num">0</td><td class="num attn">1</td><td class="num">11,077</td><td></td><td></td></tr>
<tr class="stripe"><td><a href="#t3">parameterstestchrome</a></td><td class="num">1</td><td class="num">0</td><td class="num">0</td><td class="num attn">1</td><td class="num">8,133</td><td></td><td></td></tr>
<tr><td><a href="#t4">paralleltest</a></td><td class="num">3</td><td class="num">0</td><td class="num">0</td><td class="num">0</td><td class="num">33,164</td><td></td><td></td></tr>
<tr class="stripe"><td><a href="#t5">listenerstest</a></td><td class="num">1</td><td class="num attn">1</td><td class="num">0</td><td class="num attn">1</td><td class="num">19</td><td></td><td></td></tr>
<tr><th>Total</th><th class="num">14</th><th class="num attn">1</th><th class="num">0</th><th class="num attn">3</th><th class="num">52,603</th><th colspan="2"></th></tr>
</table>
<table id='summary'><thead><tr><th>Class</th><th>Method</th><th>Start</th><th>Time (ms)</th></tr></thead><tbody><tr><th colspan="4">All Test Suite</th></tr></tbody><tbody id="t0"><tr><th colspan="4">FirsTestCase &#8212; passed</th></tr><tr class="passedeven"><td rowspan="3">FirstTestCase</td><td><a href="#m0">checkout</a></td><td rowspan="1">1669641622534</td><td rowspan="1">1</td></tr><tr class="passedeven"><td><a href="#m1">loginApplication</a></td><td rowspan="1">1669641622516</td><td rowspan="1">11</td></tr><tr class="passedeven"><td><a href="#m2">selectItems</a></td><td rowspan="1">1669641622533</td><td rowspan="1">0</td></tr><tr class="passedodd"><td rowspan="3">SecondTestCase</td><td><a href="#m3">addCustomer</a></td><td rowspan="1">1669641622538</td><td rowspan="1">1</td></tr><tr class="passedodd"><td><a href="#m4">searchCustomer</a></td><td rowspan="1">1669641622533</td><td rowspan="1">4</td></tr><tr class="passedodd"><td><a href="#m5">setup</a></td><td rowspan="1">1669641622516</td><td rowspan="1">11</td></tr></tbody>
<tbody id="t1"><tr><th colspan="4">groupingtest &#8212; passed</th></tr><tr class="passedeven"><td rowspan="2">GroupingExample</td><td><a href="#m6">test3</a></td><td rowspan="1">1669641623339</td><td rowspan="1">0</td></tr><tr class="passedeven"><td><a href="#m7">test4</a></td><td rowspan="1">1669641623423</td><td rowspan="1">1</td></tr></tbody>
<tbody id="t2"><tr><th colspan="4">parameterstestedge &#8212; failed</th></tr><tr class="failedeven"><td rowspan="1">ParametersExample</td><td><a href="#m8">logoTest</a></td><td rowspan="1">1669641633383</td><td rowspan="1">86</td></tr><tr><th colspan="4">parameterstestedge &#8212; passed</th></tr><tr class="passedeven"><td rowspan="1">ParametersExample</td><td><a href="#m9">homePageTitle</a></td><td rowspan="1">1669641633482</td><td rowspan="1">10</td></tr></tbody>
<tbody id="t3"><tr><th colspan="4">parameterstestchrome &#8212; failed</th></tr><tr class="failedeven"><td rowspan="1">ParametersExample</td><td><a href="#m10">logoTest</a></td><td rowspan="1">1669641642007</td><td rowspan="1">27</td></tr><tr><th colspan="4">parameterstestchrome &#8212; passed</th></tr><tr class="passedeven"><td rowspan="1">ParametersExample</td><td><a href="#m11">homePageTitle</a></td><td rowspan="1">1669641642035</td><td rowspan="1">8</td></tr></tbody>
<tbody id="t4"><tr><th colspan="4">paralleltest &#8212; passed</th></tr><tr class="passedeven"><td rowspan="2">paralleltesting.ParallelTest1</td><td><a href="#m12">homePageTitle</a></td><td rowspan="1">1669641642693</td><td rowspan="1">15097</td></tr><tr class="passedeven"><td><a href="#m13">logoTest</a></td><td rowspan="1">1669641657791</td><td rowspan="1">17353</td></tr><tr class="passedodd"><td rowspan="1">paralleltesting.ParallelTest2</td><td><a href="#m14">loginTest</a></td><td rowspan="1">1669641642692</td><td rowspan="1">14645</td></tr></tbody>
<tbody id="t5"><tr><th colspan="4">listenerstest &#8212; failed</th></tr><tr class="failedeven"><td rowspan="1">listeners.ListenerTest</td><td><a href="#m15">test2</a></td><td rowspan="1">1669641675863</td><td rowspan="1">13</td></tr><tr><th colspan="4">listenerstest &#8212; skipped</th></tr><tr class="skippedeven"><td rowspan="1">listeners.ListenerTest</td><td><a href="#m16">test3</a></td><td rowspan="1">1669641675877</td><td rowspan="1">1</td></tr><tr><th colspan="4">listenerstest &#8212; passed</th></tr><tr class="passedeven"><td rowspan="1">listeners.ListenerTest</td><td><a href="#m17">test1</a></td><td rowspan="1">1669641675862</td><td rowspan="1">0</td></tr></tbody>
</table>
<h2>FirsTestCase</h2><h3 id="m0">FirstTestCase#checkout</h3><table class="result"><tr><th class="invisible"/></tr></table><p class="totop"><a href="#summary">back to summary</a></p>
<h3 id="m1">FirstTestCase#loginApplication</h3><table class="result"><tr><th class="invisible"/></tr></table><p class="totop"><a href="#summary">back to summary</a></p>
<h3 id="m2">FirstTestCase#selectItems</h3><table class="result"><tr><th class="invisible"/></tr></table><p class="totop"><a href="#summary">back to summary</a></p>
<h3 id="m3">SecondTestCase#addCustomer</h3><table class="result"><tr><th class="invisible"/></tr></table><p class="totop"><a href="#summary">back to summary</a></p>
<h3 id="m4">SecondTestCase#searchCustomer</h3><table class="result"><tr><th class="invisible"/></tr></table><p class="totop"><a href="#summary">back to summary</a></p>
<h3 id="m5">SecondTestCase#setup</h3><table class="result"><tr><th class="invisible"/></tr></table><p class="totop"><a href="#summary">back to summary</a></p>
<h2>groupingtest</h2><h3 id="m6">GroupingExample#test3</h3><table class="result"><tr><th class="invisible"/></tr></table><p class="totop"><a href="#summary">back to summary</a></p>
<h3 id="m7">GroupingExample#test4</h3><table class="result"><tr><th class="invisible"/></tr></table><p class="totop"><a href="#summary">back to summary</a></p>
<h2>parameterstestedge</h2><h3 id="m8">ParametersExample#logoTest</h3><table class="result"><tr><th>Exception</th></tr><tr><td><div class="stacktrace">org.openqa.selenium.NoSuchElementException: no such element: Unable to locate element: {&quot;method&quot;:&quot;xpath&quot;,&quot;selector&quot;:&quot;//*[@id=&quot;app&quot;]/div[1]/div/div[1]/div/div[1]/img&quot;}
  (Session info: chrome=107.0.5304.107)
For documentation on this error, please visit: https://selenium.dev/exceptions/#no_such_element
Build info: version: &apos;4.5.0&apos;, revision: &apos;fe167b119a&apos;
System info: os.name: &apos;Windows 10&apos;, os.arch: &apos;amd64&apos;, os.version: &apos;10.0&apos;, java.version: &apos;11.0.12&apos;
Driver info: org.openqa.selenium.chrome.ChromeDriver
Command: [2c17b4a058ce6f55bc2afb70607531c2, findElement {using=xpath, value=//*[@id=&quot;app&quot;]/div[1]/div/div[1]/div/div[1]/img}]
Capabilities {acceptInsecureCerts: false, browserName: chrome, browserVersion: 107.0.5304.107, chrome: {chromedriverVersion: 106.0.5249.61 (511755355844..., userDataDir: C:\Users\User\AppData\Local...}, goog:chromeOptions: {debuggerAddress: localhost:10663}, networkConnectionEnabled: false, pageLoadStrategy: normal, platformName: WINDOWS, proxy: Proxy(), se:cdp: ws://localhost:10663/devtoo..., se:cdpVersion: 107.0.5304.107, setWindowRect: true, strictFileInteractability: false, timeouts: {implicit: 0, pageLoad: 300000, script: 30000}, unhandledPromptBehavior: dismiss and notify, webauthn:extension:credBlob: true, webauthn:extension:largeBlob: true, webauthn:virtualAuthenticators: true}
Session ID: 2c17b4a058ce6f55bc2afb70607531c2
	at org.openqa.selenium.remote.codec.w3c.W3CHttpResponseCodec.createException(W3CHttpResponseCodec.java:200)
	at org.openqa.selenium.remote.codec.w3c.W3CHttpResponseCodec.decode(W3CHttpResponseCodec.java:133)
	at org.openqa.selenium.remote.codec.w3c.W3CHttpResponseCodec.decode(W3CHttpResponseCodec.java:53)
	at org.openqa.selenium.remote.HttpCommandExecutor.execute(HttpCommandExecutor.java:184)
	at org.openqa.selenium.remote.service.DriverCommandExecutor.invokeExecute(DriverCommandExecutor.java:167)
	at org.openqa.selenium.remote.service.DriverCommandExecutor.execute(DriverCommandExecutor.java:142)
	at org.openqa.selenium.remote.RemoteWebDriver.execute(RemoteWebDriver.java:547)
	at org.openqa.selenium.remote.ElementLocation$ElementFinder$2.findElement(ElementLocation.java:162)
	at org.openqa.selenium.remote.ElementLocation.findElement(ElementLocation.java:60)
	at org.openqa.selenium.remote.RemoteWebDriver.findElement(RemoteWebDriver.java:365)
	at org.openqa.selenium.remote.RemoteWebDriver.findElement(RemoteWebDriver.java:357)
	at ParametersExample.logoTest(ParametersExample.java:34)
	at java.base/java.util.concurrent.ThreadPoolExecutor.runWorker(ThreadPoolExecutor.java:1128)
	at java.base/java.util.concurrent.ThreadPoolExecutor$Worker.run(ThreadPoolExecutor.java:628)
	at java.base/java.lang.Thread.run(Thread.java:834)
... Removed 16 stack frames</div></td></tr></table><p class="totop"><a href="#summary">back to summary</a></p>
<h3 id="m9">ParametersExample#homePageTitle</h3><table class="result"><tr><th class="invisible"/></tr></table><p class="totop"><a href="#summary">back to summary</a></p>
<h2>parameterstestchrome</h2><h3 id="m10">ParametersExample#logoTest</h3><table class="result"><tr><th>Exception</th></tr><tr><td><div class="stacktrace">org.openqa.selenium.NoSuchElementException: no such element: Unable to locate element: {&quot;method&quot;:&quot;xpath&quot;,&quot;selector&quot;:&quot;//*[@id=&quot;app&quot;]/div[1]/div/div[1]/div/div[1]/img&quot;}
  (Session info: chrome=107.0.5304.107)
For documentation on this error, please visit: https://selenium.dev/exceptions/#no_such_element
Build info: version: &apos;4.5.0&apos;, revision: &apos;fe167b119a&apos;
System info: os.name: &apos;Windows 10&apos;, os.arch: &apos;amd64&apos;, os.version: &apos;10.0&apos;, java.version: &apos;11.0.12&apos;
Driver info: org.openqa.selenium.chrome.ChromeDriver
Command: [1fd16ddd2f005a9202fab937e9a114a8, findElement {using=xpath, value=//*[@id=&quot;app&quot;]/div[1]/div/div[1]/div/div[1]/img}]
Capabilities {acceptInsecureCerts: false, browserName: chrome, browserVersion: 107.0.5304.107, chrome: {chromedriverVersion: 106.0.5249.61 (511755355844..., userDataDir: C:\Users\User\AppData\Local...}, goog:chromeOptions: {debuggerAddress: localhost:10693}, networkConnectionEnabled: false, pageLoadStrategy: normal, platformName: WINDOWS, proxy: Proxy(), se:cdp: ws://localhost:10693/devtoo..., se:cdpVersion: 107.0.5304.107, setWindowRect: true, strictFileInteractability: false, timeouts: {implicit: 0, pageLoad: 300000, script: 30000}, unhandledPromptBehavior: dismiss and notify, webauthn:extension:credBlob: true, webauthn:extension:largeBlob: true, webauthn:virtualAuthenticators: true}
Session ID: 1fd16ddd2f005a9202fab937e9a114a8
	at org.openqa.selenium.remote.codec.w3c.W3CHttpResponseCodec.createException(W3CHttpResponseCodec.java:200)
	at org.openqa.selenium.remote.codec.w3c.W3CHttpResponseCodec.decode(W3CHttpResponseCodec.java:133)
	at org.openqa.selenium.remote.codec.w3c.W3CHttpResponseCodec.decode(W3CHttpResponseCodec.java:53)
	at org.openqa.selenium.remote.HttpCommandExecutor.execute(HttpCommandExecutor.java:184)
	at org.openqa.selenium.remote.service.DriverCommandExecutor.invokeExecute(DriverCommandExecutor.java:167)
	at org.openqa.selenium.remote.service.DriverCommandExecutor.execute(DriverCommandExecutor.java:142)
	at org.openqa.selenium.remote.RemoteWebDriver.execute(RemoteWebDriver.java:547)
	at org.openqa.selenium.remote.ElementLocation$ElementFinder$2.findElement(ElementLocation.java:162)
	at org.openqa.selenium.remote.ElementLocation.findElement(ElementLocation.java:60)
	at org.openqa.selenium.remote.RemoteWebDriver.findElement(RemoteWebDriver.java:365)
	at org.openqa.selenium.remote.RemoteWebDriver.findElement(RemoteWebDriver.java:357)
	at ParametersExample.logoTest(ParametersExample.java:34)
	at java.base/java.util.concurrent.ThreadPoolExecutor.runWorker(ThreadPoolExecutor.java:1128)
	at java.base/java.util.concurrent.ThreadPoolExecutor$Worker.run(ThreadPoolExecutor.java:628)
	at java.base/java.lang.Thread.run(Thread.java:834)
... Removed 16 stack frames</div></td></tr></table><p class="totop"><a href="#summary">back to summary</a></p>
<h3 id="m11">ParametersExample#homePageTitle</h3><table class="result"><tr><th class="invisible"/></tr></table><p class="totop"><a href="#summary">back to summary</a></p>
<h2>paralleltest</h2><h3 id="m12">paralleltesting.ParallelTest1#homePageTitle</h3><table class="result"><tr><th class="invisible"/></tr></table><p class="totop"><a href="#summary">back to summary</a></p>
<h3 id="m13">paralleltesting.ParallelTest1#logoTest</h3><table class="result"><tr><th class="invisible"/></tr></table><p class="totop"><a href="#summary">back to summary</a></p>
<h3 id="m14">paralleltesting.ParallelTest2#loginTest</h3><table class="result"><tr><th class="invisible"/></tr></table><p class="totop"><a href="#summary">back to summary</a></p>
<h2>listenerstest</h2><h3 id="m15">listeners.ListenerTest#test2</h3><table class="result"><tr><th>Exception</th></tr><tr><td><div class="stacktrace">java.lang.AssertionError: expected [B] but found [A]
	at listeners.ListenerTest.test2(ListenerTest.java:21)
	at java.base/java.util.concurrent.ThreadPoolExecutor.runWorker(ThreadPoolExecutor.java:1128)
	at java.base/java.util.concurrent.ThreadPoolExecutor$Worker.run(ThreadPoolExecutor.java:628)
	at java.base/java.lang.Thread.run(Thread.java:834)
... Removed 18 stack frames</div></td></tr></table><p class="totop"><a href="#summary">back to summary</a></p>
<h3 id="m16">listeners.ListenerTest#test3</h3><table class="result"><tr><th>Exception</th></tr><tr><td><div class="stacktrace">org.testng.SkipException: this is skip exception
	at listeners.ListenerTest.test3(ListenerTest.java:28)
	at java.base/java.util.concurrent.ThreadPoolExecutor.runWorker(ThreadPoolExecutor.java:1128)
	at java.base/java.util.concurrent.ThreadPoolExecutor$Worker.run(ThreadPoolExecutor.java:628)
	at java.base/java.lang.Thread.run(Thread.java:834)
... Removed 12 stack frames</div></td></tr></table><p class="totop"><a href="#summary">back to summary</a></p>
<h3 id="m17">listeners.ListenerTest#test1</h3><table class="result"><tr><th class="invisible"/></tr></table><p class="totop"><a href="#summary">back to summary</a></p>
</body>
</html>
